info @storybook/react v6.4.22
info 
info => Cleaning outputDir: C:\\Users\\Admin\\AppData\\Local\\Temp\\chromatic--15504-URuZq3xYo8oF
(node:15684) DeprecationWarning: --static-dir CLI flag is deprecated, see:

https://github.com/storybookjs/storybook/blob/next/MIGRATION.md#deprecated---static-dir-cli-flag
(Use `node --trace-deprecation ...` to show where the warning was created)
info => Loading presets
info => Copying static files: ./public => ./
info => Compiling manager..
info => Compiling preview..
info => Loading Webpack configuration from `node_modules\react-scripts`
info => Removing existing JavaScript and TypeScript rules.
info => Modifying Create React App rules.
info => Using default Webpack5 setup
<s> [webpack.Progress] 0% 

<s> [webpack.Progress] 1% setup before run
<s> [webpack.Progress] 1% setup before run NodeEnvironmentPlugin
<s> [webpack.Progress] 1% setup before run
<s> [webpack.Progress] 2% setup run
<s> [webpack.Progress] 2% setup run ForkTsCheckerWebpackPlugin
<s> [webpack.Progress] 2% setup run ESLintWebpackPlugin_1
<s> [webpack.Progress] 2% setup run
<s> [webpack.Progress] 4% setup normal module factory
<s> [webpack.Progress] 4% setup normal module factory CaseSensitivePathsPlugin
<s> [webpack.Progress] 4% setup normal module factory ModuleNotFoundPlugin
<s> [webpack.Progress] 4% setup normal module factory IgnorePlugin
<s> [webpack.Progress] 4% setup normal module factory
<s> [webpack.Progress] 5% setup context module factory
<s> [webpack.Progress] 5% setup context module factory IgnorePlugin
<s> [webpack.Progress] 5% setup context module factory
<s> [webpack.Progress] 6% setup before compile
<s> [webpack.Progress] 6% setup before compile ProgressPlugin
<s> [webpack.Progress] 6% setup before compile
<s> [webpack.Progress] 7% setup compile
<s> [webpack.Progress] 7% setup compile ExternalsPlugin
<s> [webpack.Progress] 7% setup compile
<s> [webpack.Progress] 8% setup compilation
<s> [webpack.Progress] 8% setup compilation mini-css-extract-plugin
<s> [webpack.Progress] 8% setup compilation ArrayPushCallbackChunkFormatPlugin
<s> [webpack.Progress] 8% setup compilation JsonpChunkLoadingPlugin
<s> [webpack.Progress] 8% setup compilation StartupChunkDependenciesPlugin
<s> [webpack.Progress] 8% setup compilation ImportScriptsChunkLoadingPlugin
<s> [webpack.Progress] 8% setup compilation FetchCompileWasmPlugin
<s> [webpack.Progress] 8% setup compilation FetchCompileAsyncWasmPlugin
<s> [webpack.Progress] 8% setup compilation WorkerPlugin
<s> [webpack.Progress] 8% setup compilation SplitChunksPlugin
<s> [webpack.Progress] 8% setup compilation RuntimeChunkPlugin
<s> [webpack.Progress] 8% setup compilation ResolverCachePlugin
<s> [webpack.Progress] 8% setup compilation HtmlWebpackPlugin
<s> [webpack.Progress] 8% setup compilation
<s> [webpack.Progress] 9% setup compilation
<s> [webpack.Progress] 9% setup compilation DefinePlugin
<s> [webpack.Progress] 9% setup compilation ProvidePlugin
<s> [webpack.Progress] 9% setup compilation ProgressPlugin
<s> [webpack.Progress] 9% setup compilation InlineChunkHtmlPlugin
<s> [webpack.Progress] 9% setup compilation InterpolateHtmlPlugin
<s> [webpack.Progress] 9% setup compilation mini-css-extract-plugin
<s> [webpack.Progress] 9% setup compilation ForkTsCheckerWebpackPlugin
<s> [webpack.Progress] 9% setup compilation DocGenPlugin
<s> [webpack.Progress] 9% setup compilation ChunkPrefetchPreloadPlugin
<s> [webpack.Progress] 9% setup compilation SourceMapDevToolPlugin
<s> [webpack.Progress] 9% setup compilation JavascriptModulesPlugin
<s> [webpack.Progress] 9% setup compilation JsonModulesPlugin
<s> [webpack.Progress] 9% setup compilation AssetModulesPlugin
<s> [webpack.Progress] 9% setup compilation EntryPlugin
<s> [webpack.Progress] 9% setup compilation EntryPlugin
<s> [webpack.Progress] 9% setup compilation EntryPlugin
<s> [webpack.Progress] 9% setup compilation EntryPlugin
<s> [webpack.Progress] 9% setup compilation EntryPlugin
<s> [webpack.Progress] 9% setup compilation EntryPlugin
<s> [webpack.Progress] 9% setup compilation EntryPlugin
<s> [webpack.Progress] 9% setup compilation EntryPlugin
<s> [webpack.Progress] 9% setup compilation EntryPlugin
<s> [webpack.Progress] 9% setup compilation EntryPlugin
<s> [webpack.Progress] 9% setup compilation EntryPlugin
<s> [webpack.Progress] 9% setup compilation EntryPlugin
<s> [webpack.Progress] 9% setup compilation EntryPlugin
<s> [webpack.Progress] 9% setup compilation EntryPlugin
<s> [webpack.Progress] 9% setup compilation EntryPlugin
<s> [webpack.Progress] 9% setup compilation EntryPlugin
<s> [webpack.Progress] 9% setup compilation RuntimePlugin
<s> [webpack.Progress] 9% setup compilation InferAsyncModulesPlugin
<s> [webpack.Progress] 9% setup compilation DataUriPlugin
<s> [webpack.Progress] 9% setup compilation FileUriPlugin
<s> [webpack.Progress] 9% setup compilation CompatibilityPlugin
<s> [webpack.Progress] 9% setup compilation HarmonyModulesPlugin
<s> [webpack.Progress] 9% setup compilation AMDPlugin
<s> [webpack.Progress] 9% setup compilation RequireJsStuffPlugin
<s> [webpack.Progress] 9% setup compilation CommonJsPlugin
<s> [webpack.Progress] 9% setup compilation LoaderPlugin
<s> [webpack.Progress] 9% setup compilation LoaderPlugin
<s> [webpack.Progress] 9% setup compilation NodeStuffPlugin
<s> [webpack.Progress] 9% setup compilation APIPlugin
<s> [webpack.Progress] 9% setup compilation ExportsInfoApiPlugin
<s> [webpack.Progress] 9% setup compilation WebpackIsIncludedPlugin
<s> [webpack.Progress] 9% setup compilation ConstPlugin
<s> [webpack.Progress] 9% setup compilation UseStrictPlugin
<s> [webpack.Progress] 9% setup compilation RequireIncludePlugin
<s> [webpack.Progress] 9% setup compilation RequireEnsurePlugin
<s> [webpack.Progress] 9% setup compilation RequireContextPlugin
<s> [webpack.Progress] 9% setup compilation ImportPlugin
<s> [webpack.Progress] 9% setup compilation RequireContextPlugin
<s> [webpack.Progress] 9% setup compilation SystemPlugin
<s> [webpack.Progress] 9% setup compilation ImportMetaPlugin
<s> [webpack.Progress] 9% setup compilation URLPlugin
<s> [webpack.Progress] 9% setup compilation DefaultStatsFactoryPlugin
<s> [webpack.Progress] 9% setup compilation DefaultStatsPresetPlugin
<s> [webpack.Progress] 9% setup compilation DefaultStatsPrinterPlugin
<s> [webpack.Progress] 9% setup compilation JavascriptMetaInfoPlugin
<s> [webpack.Progress] 9% setup compilation EnsureChunkConditionsPlugin
<s> [webpack.Progress] 9% setup compilation RemoveEmptyChunksPlugin
<s> [webpack.Progress] 9% setup compilation MergeDuplicateChunksPlugin
<s> [webpack.Progress] 9% setup compilation FlagIncludedChunksPlugin
<s> [webpack.Progress] 9% setup compilation SideEffectsFlagPlugin
<s> [webpack.Progress] 9% setup compilation FlagDependencyExportsPlugin
<s> [webpack.Progress] 9% setup compilation FlagDependencyUsagePlugin
<s> [webpack.Progress] 9% setup compilation InnerGraphPlugin
<s> [webpack.Progress] 9% setup compilation MangleExportsPlugin
<s> [webpack.Progress] 9% setup compilation ModuleConcatenationPlugin
<s> [webpack.Progress] 9% setup compilation NoEmitOnErrorsPlugin
<s> [webpack.Progress] 9% setup compilation RealContentHashPlugin
<s> [webpack.Progress] 9% setup compilation WasmFinalizeExportsPlugin
<s> [webpack.Progress] 9% setup compilation NamedModuleIdsPlugin
<s> [webpack.Progress] 9% setup compilation DeterministicChunkIdsPlugin
<s> [webpack.Progress] 9% setup compilation DefinePlugin
<s> [webpack.Progress] 9% setup compilation TerserPlugin
<s> [webpack.Progress] 9% setup compilation TemplatedPathPlugin
<s> [webpack.Progress] 9% setup compilation RecordIdsPlugin
<s> [webpack.Progress] 9% setup compilation WarnCaseSensitiveModulesPlugin
<s> [webpack.Progress] 9% setup compilation IgnoreWarningsPlugin
<s> [webpack.Progress] 9% setup compilation ESLintWebpackPlugin_1
<s> [webpack.Progress] 9% setup compilation
<s> [webpack.Progress] 10% building
<s> [webpack.Progress] 10% building 0/1 entries 0/0 dependencies 0/0 modules
<s> [webpack.Progress] 10% building 0/16 entries 2/17 dependencies 0/2 modules
<s> [webpack.Progress] 10% building import loader ./node_modules/react-scripts/node_modules/babel-loader/lib/index.js
<s> [webpack.Progress] 10% building import loader ./node_modules/react-scripts/node_modules/source-map-loader/dist/cjs.js
<s> [webpack.Progress] 10% building 0/16 entries 19/21 dependencies 0/18 modules
<s> [webpack.Progress] 10% building 0/16 entries 19/22 dependencies 0/18 modules
<s> [webpack.Progress] 10% building 0/16 entries 30/62 dependencies 1/28 modules
<s> [webpack.Progress] 10% building 0/16 entries 34/97 dependencies 2/31 modules
<s> [webpack.Progress] 10% building 0/16 entries 47/113 dependencies 3/43 modules
<s> [webpack.Progress] 10% building import loader ./node_modules/@storybook/source-loader/dist/cjs/index.js
<s> [webpack.Progress] 10% building 0/16 entries 99/169 dependencies 4/62 modules
<s> [webpack.Progress] 10% building 0/16 entries 118/200 dependencies 4/79 modules
<s> [webpack.Progress] 13% building 1/16 entries 149/358 dependencies 8/84 modules
<s> [webpack.Progress] 99% cache begin idle
<s> [webpack.Progress] 99% cache begin idle
<s> [webpack.Progress] 100% 

ERR! => Failed to build the preview
ERR! Module not found: Error: Can't resolve './src/context/MUIThemeProvider' in 'C:\Users\Admin\Desktop\frontend-test\.storybook'
<s> [webpack.Progress] 99% cache shutdown
<s> [webpack.Progress] 99% cache shutdown
<s> [webpack.Progress] 100% 

<s> [webpack.Progress] 16% building 2/16 entries 264/358 dependencies 41/84 modules
<s> [webpack.Progress] 20% building 3/16 entries 264/358 dependencies 41/84 modules
<s> [webpack.Progress] 23% building 4/16 entries 264/358 dependencies 41/84 modules
<s> [webpack.Progress] 27% building 5/16 entries 264/358 dependencies 41/84 modules
<s> [webpack.Progress] 30% building 6/16 entries 264/358 dependencies 41/84 modules
<s> [webpack.Progress] 34% building 7/16 entries 264/358 dependencies 41/84 modules
<s> [webpack.Progress] 37% building 8/16 entries 264/358 dependencies 41/84 modules
<s> [webpack.Progress] 40% building 9/16 entries 264/358 dependencies 41/84 modules
<s> [webpack.Progress] 44% building 10/16 entries 264/358 dependencies 41/84 modules
<s> [webpack.Progress] 47% building 11/16 entries 264/358 dependencies 41/84 modules
<s> [webpack.Progress] 50% building 12/16 entries 264/358 dependencies 41/84 modules
ERR! ModuleNotFoundError: Module not found: Error: Can't resolve './src/context/MUIThemeProvider' in 'C:\Users\Admin\Desktop\frontend-test\.storybook'
ERR!     at C:\Users\Admin\Desktop\frontend-test\node_modules\webpack\lib\Compilation.js:2016:28
ERR!     at C:\Users\Admin\Desktop\frontend-test\node_modules\webpack\lib\NormalModuleFactory.js:798:13
ERR!     at eval (eval at create (C:\Users\Admin\Desktop\frontend-test\node_modules\webpack\node_modules\tapable\lib\HookCodeFactory.js:33:10), <anonymous>:10:1)
ERR!     at C:\Users\Admin\Desktop\frontend-test\node_modules\webpack\lib\NormalModuleFactory.js:270:22
ERR!     at eval (eval at create (C:\Users\Admin\Desktop\frontend-test\node_modules\webpack\node_modules\tapable\lib\HookCodeFactory.js:33:10), <anonymous>:9:1)
ERR!     at C:\Users\Admin\Desktop\frontend-test\node_modules\webpack\lib\NormalModuleFactory.js:434:22
ERR!     at C:\Users\Admin\Desktop\frontend-test\node_modules\webpack\lib\NormalModuleFactory.js:116:11
ERR!     at C:\Users\Admin\Desktop\frontend-test\node_modules\webpack\lib\NormalModuleFactory.js:670:25
ERR!     at C:\Users\Admin\Desktop\frontend-test\node_modules\webpack\lib\NormalModuleFactory.js:855:8
ERR!     at C:\Users\Admin\Desktop\frontend-test\node_modules\webpack\lib\NormalModuleFactory.js:975:5
ERR!  ModuleNotFoundError: Module not found: Error: Can't resolve './src/context/MUIThemeProvider' in 'C:\Users\Admin\Desktop\frontend-test\.storybook'
ERR!     at C:\Users\Admin\Desktop\frontend-test\node_modules\webpack\lib\Compilation.js:2016:28
ERR!     at C:\Users\Admin\Desktop\frontend-test\node_modules\webpack\lib\NormalModuleFactory.js:798:13
ERR!     at eval (eval at create (C:\Users\Admin\Desktop\frontend-test\node_modules\webpack\node_modules\tapable\lib\HookCodeFactory.js:33:10), <anonymous>:10:1)
ERR!     at C:\Users\Admin\Desktop\frontend-test\node_modules\webpack\lib\NormalModuleFactory.js:270:22
ERR!     at eval (eval at create (C:\Users\Admin\Desktop\frontend-test\node_modules\webpack\node_modules\tapable\lib\HookCodeFactory.js:33:10), <anonymous>:9:1)
ERR!     at C:\Users\Admin\Desktop\frontend-test\node_modules\webpack\lib\NormalModuleFactory.js:434:22
ERR!     at C:\Users\Admin\Desktop\frontend-test\node_modules\webpack\lib\NormalModuleFactory.js:116:11
ERR!     at C:\Users\Admin\Desktop\frontend-test\node_modules\webpack\lib\NormalModuleFactory.js:670:25
ERR!     at C:\Users\Admin\Desktop\frontend-test\node_modules\webpack\lib\NormalModuleFactory.js:855:8
ERR!     at C:\Users\Admin\Desktop\frontend-test\node_modules\webpack\lib\NormalModuleFactory.js:975:5
ERR! resolve './src/context/MUIThemeProvider' in 'C:\Users\Admin\Desktop\frontend-test\.storybook'
ERR!   using description file: C:\Users\Admin\Desktop\frontend-test\package.json (relative path: ./.storybook)
ERR!     Field 'browser' doesn't contain a valid alias configuration
ERR!     using description file: C:\Users\Admin\Desktop\frontend-test\package.json (relative path: ./.storybook/src/context/MUIThemeProvider)
ERR!       no extension
ERR!         Field 'browser' doesn't contain a valid alias configuration
ERR!         C:\Users\Admin\Desktop\frontend-test\.storybook\src\context\MUIThemeProvider doesn't exist
ERR!       .web.mjs
ERR!         Field 'browser' doesn't contain a valid alias configuration
ERR!         C:\Users\Admin\Desktop\frontend-test\.storybook\src\context\MUIThemeProvider.web.mjs doesn't exist
ERR!       .mjs
ERR!         Field 'browser' doesn't contain a valid alias configuration
ERR!         C:\Users\Admin\Desktop\frontend-test\.storybook\src\context\MUIThemeProvider.mjs doesn't exist
ERR!       .web.js
ERR!         Field 'browser' doesn't contain a valid alias configuration
ERR!         C:\Users\Admin\Desktop\frontend-test\.storybook\src\context\MUIThemeProvider.web.js doesn't exist
ERR!       .js
ERR!         Field 'browser' doesn't contain a valid alias configuration
ERR!         C:\Users\Admin\Desktop\frontend-test\.storybook\src\context\MUIThemeProvider.js doesn't exist
ERR!       .web.ts
ERR!         Field 'browser' doesn't contain a valid alias configuration
ERR!         C:\Users\Admin\Desktop\frontend-test\.storybook\src\context\MUIThemeProvider.web.ts doesn't exist
ERR!       .ts
ERR!         Field 'browser' doesn't contain a valid alias configuration
ERR!         C:\Users\Admin\Desktop\frontend-test\.storybook\src\context\MUIThemeProvider.ts doesn't exist
ERR!       .web.tsx
ERR!         Field 'browser' doesn't contain a valid alias configuration
ERR!         C:\Users\Admin\Desktop\frontend-test\.storybook\src\context\MUIThemeProvider.web.tsx doesn't exist
ERR!       .tsx
ERR!         Field 'browser' doesn't contain a valid alias configuration
ERR!         C:\Users\Admin\Desktop\frontend-test\.storybook\src\context\MUIThemeProvider.tsx doesn't exist
ERR!       .json
ERR!         Field 'browser' doesn't contain a valid alias configuration
ERR!         C:\Users\Admin\Desktop\frontend-test\.storybook\src\context\MUIThemeProvider.json doesn't exist
ERR!       .web.jsx
ERR!         Field 'browser' doesn't contain a valid alias configuration
ERR!         C:\Users\Admin\Desktop\frontend-test\.storybook\src\context\MUIThemeProvider.web.jsx doesn't exist
ERR!       .jsx
ERR!         Field 'browser' doesn't contain a valid alias configuration
ERR!         C:\Users\Admin\Desktop\frontend-test\.storybook\src\context\MUIThemeProvider.jsx doesn't exist
ERR!       as directory
ERR!         C:\Users\Admin\Desktop\frontend-test\.storybook\src\context\MUIThemeProvider doesn't exist
The system cannot find the path specified.
